<?xml version="1.0" encoding="UTF-8"?>
<testsuite name="games.game2048.TestGame2048" tests="1" skipped="0" failures="0" errors="0" timestamp="2021-07-02T22:39:37" hostname="DESKTOP-TK2B118" time="0.009">
  <properties/>
  <testcase name="testMoves" classname="games.game2048.TestGame2048" time="0.009"/>
  <system-out><![CDATA[]]></system-out>
  <system-err><![CDATA[]]></system-err>
</testsuite>
