<?xml version="1.0" encoding="UTF-8"?>
<testsuite name="games.game2048.TestMoveValues" tests="6" skipped="0" failures="0" errors="0" timestamp="2021-07-02T22:39:37" hostname="DESKTOP-TK2B118" time="0.015">
  <properties/>
  <testcase name="testSimpleMove" classname="games.game2048.TestMoveValues" time="0.008"/>
  <testcase name="testSeveralMoves" classname="games.game2048.TestMoveValues" time="0.001"/>
  <testcase name="testMerge" classname="games.game2048.TestMoveValues" time="0.001"/>
  <testcase name="testMovesInSomeRows" classname="games.game2048.TestMoveValues" time="0.001"/>
  <testcase name="testMoveAndMerge" classname="games.game2048.TestMoveValues" time="0.001"/>
  <testcase name="testNoMove" classname="games.game2048.TestMoveValues" time="0.001"/>
  <system-out><![CDATA[]]></system-out>
  <system-err><![CDATA[]]></system-err>
</testsuite>
