<?xml version="1.0" encoding="UTF-8"?>
<testsuite name="taxipark.TestTask1FakeDrivers" tests="7" skipped="0" failures="0" errors="0" timestamp="2021-06-08T04:24:15" hostname="DESKTOP-TK2B118" time="0.007">
  <properties/>
  <testcase name="test0" classname="taxipark.TestTask1FakeDrivers" time="0.003"/>
  <testcase name="test1" classname="taxipark.TestTask1FakeDrivers" time="0.0"/>
  <testcase name="test2" classname="taxipark.TestTask1FakeDrivers" time="0.0"/>
  <testcase name="test3" classname="taxipark.TestTask1FakeDrivers" time="0.001"/>
  <testcase name="test4" classname="taxipark.TestTask1FakeDrivers" time="0.0"/>
  <testcase name="test5" classname="taxipark.TestTask1FakeDrivers" time="0.001"/>
  <testcase name="test6" classname="taxipark.TestTask1FakeDrivers" time="0.001"/>
  <system-out><![CDATA[finding fake drivers...
finding fake drivers...
finding fake drivers...
finding fake drivers...
finding fake drivers...
finding fake drivers...
finding fake drivers...
]]></system-out>
  <system-err><![CDATA[]]></system-err>
</testsuite>
